SEL4_PREFIX=/opt/seL4 \
	cargo build \
		--target-dir /work/build/target \
		--artifact-dir /work/build \
		-p example
info: syncing channel updates for nightly-2026-03-18-x86_64-unknown-linux-gnu
info: latest update on 2026-03-18 for version 1.96.0-nightly (91021ccc7 2026-03-17)
info: downloading 10 components
    Updating git repository `https://github.com/seL4/rust-sel4`
    Updating crates.io index
 Downloading crates ...
  Downloaded cpufeatures v0.2.17
  Downloaded cfg-if v1.0.4
  Downloaded crypto-common v0.1.6
  Downloaded block-buffer v0.10.4
  Downloaded cexpr v0.6.0
  Downloaded clang-sys v1.8.1
  Downloaded bitflags v2.9.1
  Downloaded rustc-hash v2.1.1
  Downloaded scopeguard v1.2.0
  Downloaded itoa v1.0.15
  Downloaded generic-array v0.14.7
  Downloaded version_check v0.9.5
  Downloaded xmltree v0.12.0
  Downloaded quote v1.0.42
  Downloaded unwinding v0.2.8
  Downloaded shlex v1.3.0
  Downloaded ucd-trie v0.1.7
  Downloaded xml v1.3.0
  Downloaded prettyplease v0.2.37
  Downloaded typenum v1.18.0
  Downloaded nom v7.1.3
  Downloaded aho-corasick v1.1.3
  Downloaded regex v1.12.2
  Downloaded serde_json v1.0.145
  Downloaded bindgen v0.72.1
  Downloaded pest v2.8.3
  Downloaded itertools v0.13.0
  Downloaded serde v1.0.228
  Downloaded gimli v0.32.0
  Downloaded minimal-lexical v0.2.1
  Downloaded syn v2.0.110
  Downloaded memchr v2.7.5
  Downloaded regex-syntax v0.8.5
  Downloaded pest_meta v2.8.3
  Downloaded log v0.4.28
  Downloaded serde_derive v1.0.228
  Downloaded serde_core v1.0.228
  Downloaded pest_derive v2.8.3
  Downloaded sha2 v0.10.9
  Downloaded ryu v1.0.20
  Downloaded proc-macro2 v1.0.103
  Downloaded pest_generator v2.8.3
  Downloaded lock_api v0.4.14
  Downloaded glob v0.3.3
  Downloaded fallible-iterator v0.3.0
  Downloaded unicode-ident v1.0.18
  Downloaded dlmalloc v0.2.12
  Downloaded libloading v0.8.8
  Downloaded regex-automata v0.4.13
  Downloaded rustversion v1.0.22
  Downloaded either v1.15.0
  Downloaded digest v0.10.7
  Downloaded libc v0.2.174
    Updating crates.io index
 Downloading crates ...
  Downloaded getopts v0.2.24
  Downloaded rustc-literal-escaper v0.0.7
  Downloaded rustc-demangle v0.1.27
  Downloaded foldhash v0.2.0
  Downloaded hashbrown v0.16.1
  Downloaded libc v0.2.178
   Compiling proc-macro2 v1.0.103
   Compiling memchr v2.7.5
   Compiling quote v1.0.42
   Compiling compiler_builtins v0.1.160 (/home/x/.rustup/toolchains/nightly-2026-03-18-x86_64-unknown-linux-gnu/lib/rustlib/src/rust/library/compiler-builtins/compiler-builtins)
   Compiling unicode-ident v1.0.18
   Compiling core v0.0.0 (/home/x/.rustup/toolchains/nightly-2026-03-18-x86_64-unknown-linux-gnu/lib/rustlib/src/rust/library/core)
   Compiling serde_core v1.0.228
   Compiling serde v1.0.228
   Compiling serde_json v1.0.145
   Compiling ryu v1.0.20
   Compiling itoa v1.0.15
   Compiling sel4-build-env v0.1.0 (https://github.com/seL4/rust-sel4#7a2321f2)
   Compiling prettyplease v0.2.37
   Compiling glob v0.3.3
   Compiling ucd-trie v0.1.7
   Compiling libc v0.2.174
   Compiling regex-syntax v0.8.5
   Compiling pest v2.8.3
   Compiling clang-sys v1.8.1
   Compiling aho-corasick v1.1.3
   Compiling syn v2.0.110
   Compiling fallible-iterator v0.3.0
   Compiling rustversion v1.0.22
   Compiling cfg-if v1.0.4
   Compiling minimal-lexical v0.2.1
   Compiling libloading v0.8.8
   Compiling nom v7.1.3
   Compiling pest_meta v2.8.3
   Compiling either v1.15.0
   Compiling regex-automata v0.4.13
   Compiling bindgen v0.72.1
   Compiling cexpr v0.6.0
   Compiling itertools v0.13.0
   Compiling regex v1.12.2
   Compiling pest_generator v2.8.3
   Compiling rustc-hash v2.1.1
   Compiling bitflags v2.9.1
   Compiling log v0.4.28
   Compiling xml v1.3.0
   Compiling shlex v1.3.0
   Compiling sel4-bitfield-ops v0.1.0 (https://github.com/seL4/rust-sel4#7a2321f2)
   Compiling xmltree v0.12.0
   Compiling serde_derive v1.0.228
   Compiling pest_derive v2.8.3
   Compiling sel4-root-task-macros v0.1.0 (https://github.com/seL4/rust-sel4#7a2321f2)
   Compiling sel4-config-types v0.1.0 (https://github.com/seL4/rust-sel4#7a2321f2)
   Compiling sel4-config-data v0.1.0 (https://github.com/seL4/rust-sel4#7a2321f2)
   Compiling sel4-config v0.1.0 (https://github.com/seL4/rust-sel4#7a2321f2)
   Compiling sel4-config-macros v0.1.0 (https://github.com/seL4/rust-sel4#7a2321f2)
   Compiling sel4-sys v0.1.0 (https://github.com/seL4/rust-sel4#7a2321f2)
   Compiling alloc v0.0.0 (/home/x/.rustup/toolchains/nightly-2026-03-18-x86_64-unknown-linux-gnu/lib/rustlib/src/rust/library/alloc)
   Compiling scopeguard v1.2.0
   Compiling sel4-panicking-env v0.1.0 (https://github.com/seL4/rust-sel4#7a2321f2)
   Compiling sel4-immediate-sync-once-cell v0.1.0 (https://github.com/seL4/rust-sel4#7a2321f2)
   Compiling sel4-alloca v0.1.0 (https://github.com/seL4/rust-sel4#7a2321f2)
   Compiling dlmalloc v0.2.12
   Compiling lock_api v0.4.14
   Compiling sel4-ctors-dtors v0.1.0 (https://github.com/seL4/rust-sel4#7a2321f2)
   Compiling sel4-initialize-tls v0.1.0 (https://github.com/seL4/rust-sel4#7a2321f2)
   Compiling sel4-elf-header v0.1.0 (https://github.com/seL4/rust-sel4#7a2321f2)
   Compiling sel4-stack v0.1.0 (https://github.com/seL4/rust-sel4#7a2321f2)
   Compiling sel4-panicking v0.1.0 (https://github.com/seL4/rust-sel4#7a2321f2)
   Compiling sel4-dlmalloc v0.1.0 (https://github.com/seL4/rust-sel4#7a2321f2)
   Compiling sel4 v0.1.0 (https://github.com/seL4/rust-sel4#7a2321f2)
   Compiling sel4-sync v0.1.0 (https://github.com/seL4/rust-sel4#7a2321f2)
   Compiling sel4-runtime-common v0.1.0 (https://github.com/seL4/rust-sel4#7a2321f2)
   Compiling sel4-root-task v0.1.0 (https://github.com/seL4/rust-sel4#7a2321f2)
   Compiling example v0.1.0 (/work/crates/example)
    Finished `dev` profile [unoptimized + debuginfo] target(s) in 14.94s
/opt/seL4/bin/sel4-kernel-loader-add-payload \
	--loader /opt/seL4/bin/sel4-kernel-loader \
	--sel4-prefix /opt/seL4 \
	--app /work/build/example.elf \
	-o /work/build/image.elf
python3 test.py qemu-system-aarch64 -machine virt,virtualization=on -cpu cortex-a57 -m size=1G -serial mon:stdio -nographic -kernel /work/build/image.elf
seL4 kernel loader | INFO   Starting loader
seL4 kernel loader | DEBUG  Platform info: PlatformInfo {
    memory: [
        0x60000000..0x80000000,
    ],
    devices: [
        0x0..0x8000000,
        0x8001000..0x8010000,
        0x8011000..0x8030000,
        0x8031000..0x60000000,
        0x80000000..0x100000000000,
    ],
}
seL4 kernel loader | DEBUG  Loader footprint: 0x6027f000..0x602ff613
seL4 kernel loader | DEBUG  Payload info: PayloadInfo {
    kernel_image: ImageInfo {
        phys_addr_range: 0x60000000..0x6023f000,
        phys_to_virt_offset: 0x8000000000,
        virt_entry: 0x8060000000,
    },
    user_image: ImageInfo {
        phys_addr_range: 0x7ffbd000..0x80000000,
        phys_to_virt_offset: 0xffffffff80243000,
        virt_entry: 0x2151f8,
    },
    fdt_phys_addr_range: Some(
        0x7ffbb000..0x7ffbce98,
    ),
}
seL4 kernel loader | DEBUG  Payload regions:
seL4 kernel loader | DEBUG      0x60000000..600321a0 true
seL4 kernel loader | DEBUG      0x600321a0..6023f000 false
seL4 kernel loader | DEBUG      0x7ffbd000..7ffcea84 true
seL4 kernel loader | DEBUG      0x7ffcfa88..7ffee52c true
seL4 kernel loader | DEBUG      0x7ffef530..7ffef540 true
seL4 kernel loader | DEBUG      0x7ffef540..7ffff570 false
seL4 kernel loader | DEBUG      0x7ffbb000..7ffbce98 true
seL4 kernel loader | DEBUG  Copying payload data
seL4 kernel loader | INFO   Entering kernel
Bootstrapping kernel
Warning: Could not infer GIC interrupt target ID, assuming 0.
available phys memory regions: 1
  [60000000..80000000)
reserved virt address space regions: 3
  [8060000000..806023f000)
  [807ffbb000..807ffbce98)
  [807ffbd000..8080000000)
Booting all finished, dropped to user space
Hello, World!
badge = 0x1337
TEST_PASS
